<?xml version="1.0" encoding="UTF-8"?>
<!-- Generated by org.testng.reporters.JUnitReportReporter -->
<testsuite skipped="0" hostname="YEAR2020" name="com.konga.testcase.SearchTest" tests="1" failures="0" timestamp="2020-04-13T01:24:25 WAT" time="11.632" errors="0">
  <testcase name="searchproduct" time="11.632" classname="com.konga.testcase.SearchTest"/>
</testsuite> <!-- com.konga.testcase.SearchTest -->
